<?xml version="1.0" encoding="UTF-8"?>
<!-- Generated by org.testng.reporters.JUnitReportReporter -->
<testsuite hostname="DESKTOP-JI13PL3" failures="0" tests="2" name="runner.HomePageRunner" time="248.719" errors="0" timestamp="14 Sep 2023 19:24:46 GMT" skipped="0">
  <testcase classname="runner.HomePageRunner" name="runScenario" time="183.637"/>
  <testcase classname="runner.HomePageRunner" name="runScenario" time="65.082"/>
</testsuite> <!-- runner.HomePageRunner -->
